============================= test session starts ==============================
platform darwin -- Python 3.9.5, pytest-7.4.3, pluggy-1.3.0
rootdir: /Users/ash/Documents/repos/Zoomlytics/power-atlas
configfile: pyproject.toml
plugins: cov-7.1.0, anyio-3.7.1
collected 436 items / 26 errors

==================================== ERRORS ====================================
_____________ ERROR collecting tests/test_backend_api_consumer.py ______________
/Library/Frameworks/Python.framework/Versions/3.9/lib/python3.9/site-packages/_pytest/runner.py:341: in from_call
    result: Optional[TResult] = func()
/Library/Frameworks/Python.framework/Versions/3.9/lib/python3.9/site-packages/_pytest/runner.py:372: in <lambda>
    call = CallInfo.from_call(lambda: list(collector.collect()), "collect")
/Library/Frameworks/Python.framework/Versions/3.9/lib/python3.9/site-packages/_pytest/python.py:531: in collect
    self._inject_setup_module_fixture()
/Library/Frameworks/Python.framework/Versions/3.9/lib/python3.9/site-packages/_pytest/python.py:545: in _inject_setup_module_fixture
    self.obj, ("setUpModule", "setup_module")
/Library/Frameworks/Python.framework/Versions/3.9/lib/python3.9/site-packages/_pytest/python.py:310: in obj
    self._obj = obj = self._getobj()
/Library/Frameworks/Python.framework/Versions/3.9/lib/python3.9/site-packages/_pytest/python.py:528: in _getobj
    return self._importtestmodule()
/Library/Frameworks/Python.framework/Versions/3.9/lib/python3.9/site-packages/_pytest/python.py:617: in _importtestmodule
    mod = import_path(self.path, mode=importmode, root=self.config.rootpath)
/Library/Frameworks/Python.framework/Versions/3.9/lib/python3.9/site-packages/_pytest/pathlib.py:567: in import_path
    importlib.import_module(module_name)
/Library/Frameworks/Python.framework/Versions/3.9/lib/python3.9/importlib/__init__.py:127: in import_module
    return _bootstrap._gcd_import(name[level:], package, level)
<frozen importlib._bootstrap>:1030: in _gcd_import
    ???
<frozen importlib._bootstrap>:1007: in _find_and_load
    ???
<frozen importlib._bootstrap>:986: in _find_and_load_unlocked
    ???
<frozen importlib._bootstrap>:680: in _load_unlocked
    ???
/Library/Frameworks/Python.framework/Versions/3.9/lib/python3.9/site-packages/_pytest/assertion/rewrite.py:186: in exec_module
    exec(co, module.__dict__)
tests/test_backend_api_consumer.py:14: in <module>
    from power_atlas.api import BackendAppOptions, create_backend_app
src/power_atlas/api.py:55: in __getattr__
    value = getattr(import_module(module_name), attribute_name)
/Library/Frameworks/Python.framework/Versions/3.9/lib/python3.9/importlib/__init__.py:127: in import_module
    return _bootstrap._gcd_import(name[level:], package, level)
<frozen importlib._bootstrap>:1030: in _gcd_import
    ???
<frozen importlib._bootstrap>:1007: in _find_and_load
    ???
<frozen importlib._bootstrap>:986: in _find_and_load_unlocked
    ???
<frozen importlib._bootstrap>:680: in _load_unlocked
    ???
<frozen importlib._bootstrap_external>:855: in exec_module
    ???
<frozen importlib._bootstrap>:228: in _call_with_frames_removed
    ???
src/power_atlas/backend_app.py:13: in <module>
    from power_atlas.backend_dataset_catalog import resolve_backend_dataset_catalog
src/power_atlas/backend_dataset_catalog.py:6: in <module>
    from power_atlas.contracts import DatasetRoot, list_available_datasets, resolve_dataset_root
src/power_atlas/contracts/__init__.py:70: in <module>
    from power_atlas.contracts.resolution import (
src/power_atlas/contracts/resolution.py:83: in <module>
    DatasetIdSelector = Callable[[Any, str | None, str | None], str | None]
E   TypeError: unsupported operand type(s) for |: 'type' and 'NoneType'
____________ ERROR collecting tests/test_backend_dataset_catalog.py ____________
/Library/Frameworks/Python.framework/Versions/3.9/lib/python3.9/site-packages/_pytest/runner.py:341: in from_call
    result: Optional[TResult] = func()
/Library/Frameworks/Python.framework/Versions/3.9/lib/python3.9/site-packages/_pytest/runner.py:372: in <lambda>
    call = CallInfo.from_call(lambda: list(collector.collect()), "collect")
/Library/Frameworks/Python.framework/Versions/3.9/lib/python3.9/site-packages/_pytest/python.py:531: in collect
    self._inject_setup_module_fixture()
/Library/Frameworks/Python.framework/Versions/3.9/lib/python3.9/site-packages/_pytest/python.py:545: in _inject_setup_module_fixture
    self.obj, ("setUpModule", "setup_module")
/Library/Frameworks/Python.framework/Versions/3.9/lib/python3.9/site-packages/_pytest/python.py:310: in obj
    self._obj = obj = self._getobj()
/Library/Frameworks/Python.framework/Versions/3.9/lib/python3.9/site-packages/_pytest/python.py:528: in _getobj
    return self._importtestmodule()
/Library/Frameworks/Python.framework/Versions/3.9/lib/python3.9/site-packages/_pytest/python.py:617: in _importtestmodule
    mod = import_path(self.path, mode=importmode, root=self.config.rootpath)
/Library/Frameworks/Python.framework/Versions/3.9/lib/python3.9/site-packages/_pytest/pathlib.py:567: in import_path
    importlib.import_module(module_name)
/Library/Frameworks/Python.framework/Versions/3.9/lib/python3.9/importlib/__init__.py:127: in import_module
    return _bootstrap._gcd_import(name[level:], package, level)
<frozen importlib._bootstrap>:1030: in _gcd_import
    ???
<frozen importlib._bootstrap>:1007: in _find_and_load
    ???
<frozen importlib._bootstrap>:986: in _find_and_load_unlocked
    ???
<frozen importlib._bootstrap>:680: in _load_unlocked
    ???
/Library/Frameworks/Python.framework/Versions/3.9/lib/python3.9/site-packages/_pytest/assertion/rewrite.py:186: in exec_module
    exec(co, module.__dict__)
tests/test_backend_dataset_catalog.py:5: in <module>
    from power_atlas.backend_dataset_catalog import resolve_backend_dataset_catalog
src/power_atlas/backend_dataset_catalog.py:6: in <module>
    from power_atlas.contracts import DatasetRoot, list_available_datasets, resolve_dataset_root
src/power_atlas/contracts/__init__.py:70: in <module>
    from power_atlas.contracts.resolution import (
src/power_atlas/contracts/resolution.py:83: in <module>
    DatasetIdSelector = Callable[[Any, str | None, str | None], str | None]
E   TypeError: unsupported operand type(s) for |: 'type' and 'NoneType'
__________ ERROR collecting tests/test_backend_graph_query_service.py __________
/Library/Frameworks/Python.framework/Versions/3.9/lib/python3.9/site-packages/_pytest/runner.py:341: in from_call
    result: Optional[TResult] = func()
/Library/Frameworks/Python.framework/Versions/3.9/lib/python3.9/site-packages/_pytest/runner.py:372: in <lambda>
    call = CallInfo.from_call(lambda: list(collector.collect()), "collect")
/Library/Frameworks/Python.framework/Versions/3.9/lib/python3.9/site-packages/_pytest/python.py:531: in collect
    self._inject_setup_module_fixture()
/Library/Frameworks/Python.framework/Versions/3.9/lib/python3.9/site-packages/_pytest/python.py:545: in _inject_setup_module_fixture
    self.obj, ("setUpModule", "setup_module")
/Library/Frameworks/Python.framework/Versions/3.9/lib/python3.9/site-packages/_pytest/python.py:310: in obj
    self._obj = obj = self._getobj()
/Library/Frameworks/Python.framework/Versions/3.9/lib/python3.9/site-packages/_pytest/python.py:528: in _getobj
    return self._importtestmodule()
/Library/Frameworks/Python.framework/Versions/3.9/lib/python3.9/site-packages/_pytest/python.py:617: in _importtestmodule
    mod = import_path(self.path, mode=importmode, root=self.config.rootpath)
/Library/Frameworks/Python.framework/Versions/3.9/lib/python3.9/site-packages/_pytest/pathlib.py:567: in import_path
    importlib.import_module(module_name)
/Library/Frameworks/Python.framework/Versions/3.9/lib/python3.9/importlib/__init__.py:127: in import_module
    return _bootstrap._gcd_import(name[level:], package, level)
<frozen importlib._bootstrap>:1030: in _gcd_import
    ???
<frozen importlib._bootstrap>:1007: in _find_and_load
    ???
<frozen importlib._bootstrap>:986: in _find_and_load_unlocked
    ???
<frozen importlib._bootstrap>:680: in _load_unlocked
    ???
/Library/Frameworks/Python.framework/Versions/3.9/lib/python3.9/site-packages/_pytest/assertion/rewrite.py:186: in exec_module
    exec(co, module.__dict__)
tests/test_backend_graph_query_service.py:3: in <module>
    from power_atlas.backend_graph_query_service import build_backend_graph_query_service
src/power_atlas/backend_graph_query_service.py:8: in <module>
    from power_atlas.graph_health_summary import (
src/power_atlas/graph_health_summary.py:12: in <module>
    from power_atlas.graph_status import DEFAULT_UNCONFIGURED_DETAIL
src/power_atlas/graph_status.py:14: in <module>
    @dataclass(frozen=True, slots=True)
E   TypeError: dataclass() got an unexpected keyword argument 'slots'
________ ERROR collecting tests/test_backend_graph_response_adapters.py ________
/Library/Frameworks/Python.framework/Versions/3.9/lib/python3.9/site-packages/_pytest/runner.py:341: in from_call
    result: Optional[TResult] = func()
/Library/Frameworks/Python.framework/Versions/3.9/lib/python3.9/site-packages/_pytest/runner.py:372: in <lambda>
    call = CallInfo.from_call(lambda: list(collector.collect()), "collect")
/Library/Frameworks/Python.framework/Versions/3.9/lib/python3.9/site-packages/_pytest/python.py:531: in collect
    self._inject_setup_module_fixture()
/Library/Frameworks/Python.framework/Versions/3.9/lib/python3.9/site-packages/_pytest/python.py:545: in _inject_setup_module_fixture
    self.obj, ("setUpModule", "setup_module")
/Library/Frameworks/Python.framework/Versions/3.9/lib/python3.9/site-packages/_pytest/python.py:310: in obj
    self._obj = obj = self._getobj()
/Library/Frameworks/Python.framework/Versions/3.9/lib/python3.9/site-packages/_pytest/python.py:528: in _getobj
    return self._importtestmodule()
/Library/Frameworks/Python.framework/Versions/3.9/lib/python3.9/site-packages/_pytest/python.py:617: in _importtestmodule
    mod = import_path(self.path, mode=importmode, root=self.config.rootpath)
/Library/Frameworks/Python.framework/Versions/3.9/lib/python3.9/site-packages/_pytest/pathlib.py:567: in import_path
    importlib.import_module(module_name)
/Library/Frameworks/Python.framework/Versions/3.9/lib/python3.9/importlib/__init__.py:127: in import_module
    return _bootstrap._gcd_import(name[level:], package, level)
<frozen importlib._bootstrap>:1030: in _gcd_import
    ???
<frozen importlib._bootstrap>:1007: in _find_and_load
    ???
<frozen importlib._bootstrap>:986: in _find_and_load_unlocked
    ???
<frozen importlib._bootstrap>:680: in _load_unlocked
    ???
/Library/Frameworks/Python.framework/Versions/3.9/lib/python3.9/site-packages/_pytest/assertion/rewrite.py:186: in exec_module
    exec(co, module.__dict__)
tests/test_backend_graph_response_adapters.py:3: in <module>
    from power_atlas.backend_graph_response_adapters import (
src/power_atlas/backend_graph_response_adapters.py:3: in <module>
    from power_atlas.backend_graph import (
src/power_atlas/backend_graph.py:3: in <module>
    from power_atlas.backend_graph_query_service import (
src/power_atlas/backend_graph_query_service.py:8: in <module>
    from power_atlas.graph_health_summary import (
src/power_atlas/graph_health_summary.py:12: in <module>
    from power_atlas.graph_status import DEFAULT_UNCONFIGURED_DETAIL
src/power_atlas/graph_status.py:14: in <module>
    @dataclass(frozen=True, slots=True)
E   TypeError: dataclass() got an unexpected keyword argument 'slots'
_____________ ERROR collecting tests/test_backend_graph_router.py ______________
/Library/Frameworks/Python.framework/Versions/3.9/lib/python3.9/site-packages/_pytest/runner.py:341: in from_call
    result: Optional[TResult] = func()
/Library/Frameworks/Python.framework/Versions/3.9/lib/python3.9/site-packages/_pytest/runner.py:372: in <lambda>
    call = CallInfo.from_call(lambda: list(collector.collect()), "collect")
/Library/Frameworks/Python.framework/Versions/3.9/lib/python3.9/site-packages/_pytest/python.py:531: in collect
    self._inject_setup_module_fixture()
/Library/Frameworks/Python.framework/Versions/3.9/lib/python3.9/site-packages/_pytest/python.py:545: in _inject_setup_module_fixture
    self.obj, ("setUpModule", "setup_module")
/Library/Frameworks/Python.framework/Versions/3.9/lib/python3.9/site-packages/_pytest/python.py:310: in obj
    self._obj = obj = self._getobj()
/Library/Frameworks/Python.framework/Versions/3.9/lib/python3.9/site-packages/_pytest/python.py:528: in _getobj
    return self._importtestmodule()
/Library/Frameworks/Python.framework/Versions/3.9/lib/python3.9/site-packages/_pytest/python.py:617: in _importtestmodule
    mod = import_path(self.path, mode=importmode, root=self.config.rootpath)
/Library/Frameworks/Python.framework/Versions/3.9/lib/python3.9/site-packages/_pytest/pathlib.py:567: in import_path
    importlib.import_module(module_name)
/Library/Frameworks/Python.framework/Versions/3.9/lib/python3.9/importlib/__init__.py:127: in import_module
    return _bootstrap._gcd_import(name[level:], package, level)
<frozen importlib._bootstrap>:1030: in _gcd_import
    ???
<frozen importlib._bootstrap>:1007: in _find_and_load
    ???
<frozen importlib._bootstrap>:986: in _find_and_load_unlocked
    ???
<frozen importlib._bootstrap>:680: in _load_unlocked
    ???
/Library/Frameworks/Python.framework/Versions/3.9/lib/python3.9/site-packages/_pytest/assertion/rewrite.py:186: in exec_module
    exec(co, module.__dict__)
tests/test_backend_graph_router.py:5: in <module>
    from power_atlas.api import build_backend_router
src/power_atlas/api.py:55: in __getattr__
    value = getattr(import_module(module_name), attribute_name)
/Library/Frameworks/Python.framework/Versions/3.9/lib/python3.9/importlib/__init__.py:127: in import_module
    return _bootstrap._gcd_import(name[level:], package, level)
<frozen importlib._bootstrap>:1030: in _gcd_import
    ???
<frozen importlib._bootstrap>:1007: in _find_and_load
    ???
<frozen importlib._bootstrap>:986: in _find_and_load_unlocked
    ???
<frozen importlib._bootstrap>:680: in _load_unlocked
    ???
<frozen importlib._bootstrap_external>:855: in exec_module
    ???
<frozen importlib._bootstrap>:228: in _call_with_frames_removed
    ???
src/power_atlas/backend_app.py:13: in <module>
    from power_atlas.backend_dataset_catalog import resolve_backend_dataset_catalog
src/power_atlas/backend_dataset_catalog.py:6: in <module>
    from power_atlas.contracts import DatasetRoot, list_available_datasets, resolve_dataset_root
src/power_atlas/contracts/__init__.py:70: in <module>
    from power_atlas.contracts.resolution import (
src/power_atlas/contracts/resolution.py:83: in <module>
    DatasetIdSelector = Callable[[Any, str | None, str | None], str | None]
E   TypeError: unsupported operand type(s) for |: 'type' and 'NoneType'
_________________ ERROR collecting tests/test_backend_main.py __________________
/Library/Frameworks/Python.framework/Versions/3.9/lib/python3.9/site-packages/_pytest/runner.py:341: in from_call
    result: Optional[TResult] = func()
/Library/Frameworks/Python.framework/Versions/3.9/lib/python3.9/site-packages/_pytest/runner.py:372: in <lambda>
    call = CallInfo.from_call(lambda: list(collector.collect()), "collect")
/Library/Frameworks/Python.framework/Versions/3.9/lib/python3.9/site-packages/_pytest/python.py:531: in collect
    self._inject_setup_module_fixture()
/Library/Frameworks/Python.framework/Versions/3.9/lib/python3.9/site-packages/_pytest/python.py:545: in _inject_setup_module_fixture
    self.obj, ("setUpModule", "setup_module")
/Library/Frameworks/Python.framework/Versions/3.9/lib/python3.9/site-packages/_pytest/python.py:310: in obj
    self._obj = obj = self._getobj()
/Library/Frameworks/Python.framework/Versions/3.9/lib/python3.9/site-packages/_pytest/python.py:528: in _getobj
    return self._importtestmodule()
/Library/Frameworks/Python.framework/Versions/3.9/lib/python3.9/site-packages/_pytest/python.py:617: in _importtestmodule
    mod = import_path(self.path, mode=importmode, root=self.config.rootpath)
/Library/Frameworks/Python.framework/Versions/3.9/lib/python3.9/site-packages/_pytest/pathlib.py:567: in import_path
    importlib.import_module(module_name)
/Library/Frameworks/Python.framework/Versions/3.9/lib/python3.9/importlib/__init__.py:127: in import_module
    return _bootstrap._gcd_import(name[level:], package, level)
<frozen importlib._bootstrap>:1030: in _gcd_import
    ???
<frozen importlib._bootstrap>:1007: in _find_and_load
    ???
<frozen importlib._bootstrap>:986: in _find_and_load_unlocked
    ???
<frozen importlib._bootstrap>:680: in _load_unlocked
    ???
/Library/Frameworks/Python.framework/Versions/3.9/lib/python3.9/site-packages/_pytest/assertion/rewrite.py:186: in exec_module
    exec(co, module.__dict__)
tests/test_backend_main.py:9: in <module>
    from power_atlas.api import (
src/power_atlas/api.py:55: in __getattr__
    value = getattr(import_module(module_name), attribute_name)
/Library/Frameworks/Python.framework/Versions/3.9/lib/python3.9/importlib/__init__.py:127: in import_module
    return _bootstrap._gcd_import(name[level:], package, level)
<frozen importlib._bootstrap>:1030: in _gcd_import
    ???
<frozen importlib._bootstrap>:1007: in _find_and_load
    ???
<frozen importlib._bootstrap>:986: in _find_and_load_unlocked
    ???
<frozen importlib._bootstrap>:680: in _load_unlocked
    ???
<frozen importlib._bootstrap_external>:855: in exec_module
    ???
<frozen importlib._bootstrap>:228: in _call_with_frames_removed
    ???
src/power_atlas/backend_app.py:13: in <module>
    from power_atlas.backend_dataset_catalog import resolve_backend_dataset_catalog
src/power_atlas/backend_dataset_catalog.py:6: in <module>
    from power_atlas.contracts import DatasetRoot, list_available_datasets, resolve_dataset_root
src/power_atlas/contracts/__init__.py:70: in <module>
    from power_atlas.contracts.resolution import (
src/power_atlas/contracts/resolution.py:83: in <module>
    DatasetIdSelector = Callable[[Any, str | None, str | None], str | None]
E   TypeError: unsupported operand type(s) for |: 'type' and 'NoneType'
______________ ERROR collecting tests/test_backend_run_catalog.py ______________
/Library/Frameworks/Python.framework/Versions/3.9/lib/python3.9/site-packages/_pytest/runner.py:341: in from_call
    result: Optional[TResult] = func()
/Library/Frameworks/Python.framework/Versions/3.9/lib/python3.9/site-packages/_pytest/runner.py:372: in <lambda>
    call = CallInfo.from_call(lambda: list(collector.collect()), "collect")
/Library/Frameworks/Python.framework/Versions/3.9/lib/python3.9/site-packages/_pytest/python.py:531: in collect
    self._inject_setup_module_fixture()
/Library/Frameworks/Python.framework/Versions/3.9/lib/python3.9/site-packages/_pytest/python.py:545: in _inject_setup_module_fixture
    self.obj, ("setUpModule", "setup_module")
/Library/Frameworks/Python.framework/Versions/3.9/lib/python3.9/site-packages/_pytest/python.py:310: in obj
    self._obj = obj = self._getobj()
/Library/Frameworks/Python.framework/Versions/3.9/lib/python3.9/site-packages/_pytest/python.py:528: in _getobj
    return self._importtestmodule()
/Library/Frameworks/Python.framework/Versions/3.9/lib/python3.9/site-packages/_pytest/python.py:617: in _importtestmodule
    mod = import_path(self.path, mode=importmode, root=self.config.rootpath)
/Library/Frameworks/Python.framework/Versions/3.9/lib/python3.9/site-packages/_pytest/pathlib.py:567: in import_path
    importlib.import_module(module_name)
/Library/Frameworks/Python.framework/Versions/3.9/lib/python3.9/importlib/__init__.py:127: in import_module
    return _bootstrap._gcd_import(name[level:], package, level)
<frozen importlib._bootstrap>:1030: in _gcd_import
    ???
<frozen importlib._bootstrap>:1007: in _find_and_load
    ???
<frozen importlib._bootstrap>:986: in _find_and_load_unlocked
    ???
<frozen importlib._bootstrap>:680: in _load_unlocked
    ???
/Library/Frameworks/Python.framework/Versions/3.9/lib/python3.9/site-packages/_pytest/assertion/rewrite.py:186: in exec_module
    exec(co, module.__dict__)
tests/test_backend_run_catalog.py:8: in <module>
    from power_atlas.backend_dataset_catalog import DatasetCatalogEntry, DatasetCatalogResult
src/power_atlas/backend_dataset_catalog.py:6: in <module>
    from power_atlas.contracts import DatasetRoot, list_available_datasets, resolve_dataset_root
src/power_atlas/contracts/__init__.py:70: in <module>
    from power_atlas.contracts.resolution import (
src/power_atlas/contracts/resolution.py:83: in <module>
    DatasetIdSelector = Callable[[Any, str | None, str | None], str | None]
E   TypeError: unsupported operand type(s) for |: 'type' and 'NoneType'
___________ ERROR collecting demo/tests/test_claim_participation.py ____________
/Library/Frameworks/Python.framework/Versions/3.9/lib/python3.9/site-packages/_pytest/runner.py:341: in from_call
    result: Optional[TResult] = func()
/Library/Frameworks/Python.framework/Versions/3.9/lib/python3.9/site-packages/_pytest/runner.py:372: in <lambda>
    call = CallInfo.from_call(lambda: list(collector.collect()), "collect")
/Library/Frameworks/Python.framework/Versions/3.9/lib/python3.9/site-packages/_pytest/python.py:531: in collect
    self._inject_setup_module_fixture()
/Library/Frameworks/Python.framework/Versions/3.9/lib/python3.9/site-packages/_pytest/python.py:545: in _inject_setup_module_fixture
    self.obj, ("setUpModule", "setup_module")
/Library/Frameworks/Python.framework/Versions/3.9/lib/python3.9/site-packages/_pytest/python.py:310: in obj
    self._obj = obj = self._getobj()
/Library/Frameworks/Python.framework/Versions/3.9/lib/python3.9/site-packages/_pytest/python.py:528: in _getobj
    return self._importtestmodule()
/Library/Frameworks/Python.framework/Versions/3.9/lib/python3.9/site-packages/_pytest/python.py:617: in _importtestmodule
    mod = import_path(self.path, mode=importmode, root=self.config.rootpath)
/Library/Frameworks/Python.framework/Versions/3.9/lib/python3.9/site-packages/_pytest/pathlib.py:567: in import_path
    importlib.import_module(module_name)
/Library/Frameworks/Python.framework/Versions/3.9/lib/python3.9/importlib/__init__.py:127: in import_module
    return _bootstrap._gcd_import(name[level:], package, level)
<frozen importlib._bootstrap>:1030: in _gcd_import
    ???
<frozen importlib._bootstrap>:1007: in _find_and_load
    ???
<frozen importlib._bootstrap>:986: in _find_and_load_unlocked
    ???
<frozen importlib._bootstrap>:680: in _load_unlocked
    ???
/Library/Frameworks/Python.framework/Versions/3.9/lib/python3.9/site-packages/_pytest/assertion/rewrite.py:186: in exec_module
    exec(co, module.__dict__)
demo/tests/test_claim_participation.py:10: in <module>
    from demo.stages.claim_participation import (
demo/stages/claim_participation.py:96: in <module>
    from power_atlas.claim_participation_runner import (
src/power_atlas/claim_participation_runner.py:15: in <module>
    from power_atlas.backend_run_catalog import resolve_run_root
src/power_atlas/backend_run_catalog.py:8: in <module>
    from power_atlas.backend_dataset_catalog import resolve_backend_dataset_catalog
src/power_atlas/backend_dataset_catalog.py:6: in <module>
    from power_atlas.contracts import DatasetRoot, list_available_datasets, resolve_dataset_root
src/power_atlas/contracts/__init__.py:70: in <module>
    from power_atlas.contracts.resolution import (
src/power_atlas/contracts/resolution.py:83: in <module>
    DatasetIdSelector = Callable[[Any, str | None, str | None], str | None]
E   TypeError: unsupported operand type(s) for |: 'type' and 'NoneType'
_____ ERROR collecting demo/tests/test_claim_participation_integration.py ______
/Library/Frameworks/Python.framework/Versions/3.9/lib/python3.9/site-packages/_pytest/runner.py:341: in from_call
    result: Optional[TResult] = func()
/Library/Frameworks/Python.framework/Versions/3.9/lib/python3.9/site-packages/_pytest/runner.py:372: in <lambda>
    call = CallInfo.from_call(lambda: list(collector.collect()), "collect")
/Library/Frameworks/Python.framework/Versions/3.9/lib/python3.9/site-packages/_pytest/python.py:531: in collect
    self._inject_setup_module_fixture()
/Library/Frameworks/Python.framework/Versions/3.9/lib/python3.9/site-packages/_pytest/python.py:545: in _inject_setup_module_fixture
    self.obj, ("setUpModule", "setup_module")
/Library/Frameworks/Python.framework/Versions/3.9/lib/python3.9/site-packages/_pytest/python.py:310: in obj
    self._obj = obj = self._getobj()
/Library/Frameworks/Python.framework/Versions/3.9/lib/python3.9/site-packages/_pytest/python.py:528: in _getobj
    return self._importtestmodule()
/Library/Frameworks/Python.framework/Versions/3.9/lib/python3.9/site-packages/_pytest/python.py:617: in _importtestmodule
    mod = import_path(self.path, mode=importmode, root=self.config.rootpath)
/Library/Frameworks/Python.framework/Versions/3.9/lib/python3.9/site-packages/_pytest/pathlib.py:567: in import_path
    importlib.import_module(module_name)
/Library/Frameworks/Python.framework/Versions/3.9/lib/python3.9/importlib/__init__.py:127: in import_module
    return _bootstrap._gcd_import(name[level:], package, level)
<frozen importlib._bootstrap>:1030: in _gcd_import
    ???
<frozen importlib._bootstrap>:1007: in _find_and_load
    ???
<frozen importlib._bootstrap>:986: in _find_and_load_unlocked
    ???
<frozen importlib._bootstrap>:680: in _load_unlocked
    ???
/Library/Frameworks/Python.framework/Versions/3.9/lib/python3.9/site-packages/_pytest/assertion/rewrite.py:186: in exec_module
    exec(co, module.__dict__)
demo/tests/test_claim_participation_integration.py:25: in <module>
    from demo.stages.claim_participation import (
demo/stages/claim_participation.py:96: in <module>
    from power_atlas.claim_participation_runner import (
src/power_atlas/claim_participation_runner.py:15: in <module>
    from power_atlas.backend_run_catalog import resolve_run_root
src/power_atlas/backend_run_catalog.py:8: in <module>
    from power_atlas.backend_dataset_catalog import resolve_backend_dataset_catalog
src/power_atlas/backend_dataset_catalog.py:6: in <module>
    from power_atlas.contracts import DatasetRoot, list_available_datasets, resolve_dataset_root
src/power_atlas/contracts/__init__.py:70: in <module>
    from power_atlas.contracts.resolution import (
src/power_atlas/contracts/resolution.py:83: in <module>
    DatasetIdSelector = Callable[[Any, str | None, str | None], str | None]
E   TypeError: unsupported operand type(s) for |: 'type' and 'NoneType'
______________ ERROR collecting demo/tests/test_demo_workflow.py _______________
/Library/Frameworks/Python.framework/Versions/3.9/lib/python3.9/site-packages/_pytest/runner.py:341: in from_call
    result: Optional[TResult] = func()
/Library/Frameworks/Python.framework/Versions/3.9/lib/python3.9/site-packages/_pytest/runner.py:372: in <lambda>
    call = CallInfo.from_call(lambda: list(collector.collect()), "collect")
/Library/Frameworks/Python.framework/Versions/3.9/lib/python3.9/site-packages/_pytest/python.py:531: in collect
    self._inject_setup_module_fixture()
/Library/Frameworks/Python.framework/Versions/3.9/lib/python3.9/site-packages/_pytest/python.py:545: in _inject_setup_module_fixture
    self.obj, ("setUpModule", "setup_module")
/Library/Frameworks/Python.framework/Versions/3.9/lib/python3.9/site-packages/_pytest/python.py:310: in obj
    self._obj = obj = self._getobj()
/Library/Frameworks/Python.framework/Versions/3.9/lib/python3.9/site-packages/_pytest/python.py:528: in _getobj
    return self._importtestmodule()
/Library/Frameworks/Python.framework/Versions/3.9/lib/python3.9/site-packages/_pytest/python.py:617: in _importtestmodule
    mod = import_path(self.path, mode=importmode, root=self.config.rootpath)
/Library/Frameworks/Python.framework/Versions/3.9/lib/python3.9/site-packages/_pytest/pathlib.py:567: in import_path
    importlib.import_module(module_name)
/Library/Frameworks/Python.framework/Versions/3.9/lib/python3.9/importlib/__init__.py:127: in import_module
    return _bootstrap._gcd_import(name[level:], package, level)
<frozen importlib._bootstrap>:1030: in _gcd_import
    ???
<frozen importlib._bootstrap>:1007: in _find_and_load
    ???
<frozen importlib._bootstrap>:986: in _find_and_load_unlocked
    ???
<frozen importlib._bootstrap>:680: in _load_unlocked
    ???
/Library/Frameworks/Python.framework/Versions/3.9/lib/python3.9/site-packages/_pytest/assertion/rewrite.py:186: in exec_module
    exec(co, module.__dict__)
demo/tests/test_demo_workflow.py:18: in <module>
    from power_atlas.contracts import PROMPT_IDS
src/power_atlas/contracts/__init__.py:70: in <module>
    from power_atlas.contracts.resolution import (
src/power_atlas/contracts/resolution.py:83: in <module>
    DatasetIdSelector = Callable[[Any, str | None, str | None], str | None]
E   TypeError: unsupported operand type(s) for |: 'type' and 'NoneType'
____________ ERROR collecting demo/tests/test_doc_contract_drift.py ____________
/Library/Frameworks/Python.framework/Versions/3.9/lib/python3.9/site-packages/_pytest/runner.py:341: in from_call
    result: Optional[TResult] = func()
/Library/Frameworks/Python.framework/Versions/3.9/lib/python3.9/site-packages/_pytest/runner.py:372: in <lambda>
    call = CallInfo.from_call(lambda: list(collector.collect()), "collect")
/Library/Frameworks/Python.framework/Versions/3.9/lib/python3.9/site-packages/_pytest/python.py:531: in collect
    self._inject_setup_module_fixture()
/Library/Frameworks/Python.framework/Versions/3.9/lib/python3.9/site-packages/_pytest/python.py:545: in _inject_setup_module_fixture
    self.obj, ("setUpModule", "setup_module")
/Library/Frameworks/Python.framework/Versions/3.9/lib/python3.9/site-packages/_pytest/python.py:310: in obj
    self._obj = obj = self._getobj()
/Library/Frameworks/Python.framework/Versions/3.9/lib/python3.9/site-packages/_pytest/python.py:528: in _getobj
    return self._importtestmodule()
/Library/Frameworks/Python.framework/Versions/3.9/lib/python3.9/site-packages/_pytest/python.py:617: in _importtestmodule
    mod = import_path(self.path, mode=importmode, root=self.config.rootpath)
/Library/Frameworks/Python.framework/Versions/3.9/lib/python3.9/site-packages/_pytest/pathlib.py:567: in import_path
    importlib.import_module(module_name)
/Library/Frameworks/Python.framework/Versions/3.9/lib/python3.9/importlib/__init__.py:127: in import_module
    return _bootstrap._gcd_import(name[level:], package, level)
<frozen importlib._bootstrap>:1030: in _gcd_import
    ???
<frozen importlib._bootstrap>:1007: in _find_and_load
    ???
<frozen importlib._bootstrap>:986: in _find_and_load_unlocked
    ???
<frozen importlib._bootstrap>:680: in _load_unlocked
    ???
/Library/Frameworks/Python.framework/Versions/3.9/lib/python3.9/site-packages/_pytest/assertion/rewrite.py:186: in exec_module
    exec(co, module.__dict__)
demo/tests/test_doc_contract_drift.py:61: in <module>
    from demo.stages.retrieval_and_qa import _CITATION_FALLBACK_PREFIX, run_retrieval_and_qa_request_context
demo/stages/retrieval_and_qa.py:18: in <module>
    from power_atlas.contracts import (
src/power_atlas/contracts/__init__.py:70: in <module>
    from power_atlas.contracts.resolution import (
src/power_atlas/contracts/resolution.py:83: in <module>
    DatasetIdSelector = Callable[[Any, str | None, str | None], str | None]
E   TypeError: unsupported operand type(s) for |: 'type' and 'NoneType'
____________ ERROR collecting demo/tests/test_entity_resolution.py _____________
/Library/Frameworks/Python.framework/Versions/3.9/lib/python3.9/site-packages/_pytest/runner.py:341: in from_call
    result: Optional[TResult] = func()
/Library/Frameworks/Python.framework/Versions/3.9/lib/python3.9/site-packages/_pytest/runner.py:372: in <lambda>
    call = CallInfo.from_call(lambda: list(collector.collect()), "collect")
/Library/Frameworks/Python.framework/Versions/3.9/lib/python3.9/site-packages/_pytest/python.py:531: in collect
    self._inject_setup_module_fixture()
/Library/Frameworks/Python.framework/Versions/3.9/lib/python3.9/site-packages/_pytest/python.py:545: in _inject_setup_module_fixture
    self.obj, ("setUpModule", "setup_module")
/Library/Frameworks/Python.framework/Versions/3.9/lib/python3.9/site-packages/_pytest/python.py:310: in obj
    self._obj = obj = self._getobj()
/Library/Frameworks/Python.framework/Versions/3.9/lib/python3.9/site-packages/_pytest/python.py:528: in _getobj
    return self._importtestmodule()
/Library/Frameworks/Python.framework/Versions/3.9/lib/python3.9/site-packages/_pytest/python.py:617: in _importtestmodule
    mod = import_path(self.path, mode=importmode, root=self.config.rootpath)
/Library/Frameworks/Python.framework/Versions/3.9/lib/python3.9/site-packages/_pytest/pathlib.py:567: in import_path
    importlib.import_module(module_name)
/Library/Frameworks/Python.framework/Versions/3.9/lib/python3.9/importlib/__init__.py:127: in import_module
    return _bootstrap._gcd_import(name[level:], package, level)
<frozen importlib._bootstrap>:1030: in _gcd_import
    ???
<frozen importlib._bootstrap>:1007: in _find_and_load
    ???
<frozen importlib._bootstrap>:986: in _find_and_load_unlocked
    ???
<frozen importlib._bootstrap>:680: in _load_unlocked
    ???
/Library/Frameworks/Python.framework/Versions/3.9/lib/python3.9/site-packages/_pytest/assertion/rewrite.py:186: in exec_module
    exec(co, module.__dict__)
demo/tests/test_entity_resolution.py:14: in <module>
    from power_atlas.contracts import Config as _RuntimeConfig
src/power_atlas/contracts/__init__.py:70: in <module>
    from power_atlas.contracts.resolution import (
src/power_atlas/contracts/resolution.py:83: in <module>
    DatasetIdSelector = Callable[[Any, str | None, str | None], str | None]
E   TypeError: unsupported operand type(s) for |: 'type' and 'NoneType'
_______________ ERROR collecting demo/tests/test_graph_health.py _______________
/Library/Frameworks/Python.framework/Versions/3.9/lib/python3.9/site-packages/_pytest/runner.py:341: in from_call
    result: Optional[TResult] = func()
/Library/Frameworks/Python.framework/Versions/3.9/lib/python3.9/site-packages/_pytest/runner.py:372: in <lambda>
    call = CallInfo.from_call(lambda: list(collector.collect()), "collect")
/Library/Frameworks/Python.framework/Versions/3.9/lib/python3.9/site-packages/_pytest/python.py:531: in collect
    self._inject_setup_module_fixture()
/Library/Frameworks/Python.framework/Versions/3.9/lib/python3.9/site-packages/_pytest/python.py:545: in _inject_setup_module_fixture
    self.obj, ("setUpModule", "setup_module")
/Library/Frameworks/Python.framework/Versions/3.9/lib/python3.9/site-packages/_pytest/python.py:310: in obj
    self._obj = obj = self._getobj()
/Library/Frameworks/Python.framework/Versions/3.9/lib/python3.9/site-packages/_pytest/python.py:528: in _getobj
    return self._importtestmodule()
/Library/Frameworks/Python.framework/Versions/3.9/lib/python3.9/site-packages/_pytest/python.py:617: in _importtestmodule
    mod = import_path(self.path, mode=importmode, root=self.config.rootpath)
/Library/Frameworks/Python.framework/Versions/3.9/lib/python3.9/site-packages/_pytest/pathlib.py:567: in import_path
    importlib.import_module(module_name)
/Library/Frameworks/Python.framework/Versions/3.9/lib/python3.9/importlib/__init__.py:127: in import_module
    return _bootstrap._gcd_import(name[level:], package, level)
<frozen importlib._bootstrap>:1030: in _gcd_import
    ???
<frozen importlib._bootstrap>:1007: in _find_and_load
    ???
<frozen importlib._bootstrap>:986: in _find_and_load_unlocked
    ???
<frozen importlib._bootstrap>:680: in _load_unlocked
    ???
/Library/Frameworks/Python.framework/Versions/3.9/lib/python3.9/site-packages/_pytest/assertion/rewrite.py:186: in exec_module
    exec(co, module.__dict__)
demo/tests/test_graph_health.py:10: in <module>
    from power_atlas.contracts import Config
src/power_atlas/contracts/__init__.py:70: in <module>
    from power_atlas.contracts.resolution import (
src/power_atlas/contracts/resolution.py:83: in <module>
    DatasetIdSelector = Callable[[Any, str | None, str | None], str | None]
E   TypeError: unsupported operand type(s) for |: 'type' and 'NoneType'
_______ ERROR collecting demo/tests/test_graph_health_diagnostics_cli.py _______
/Library/Frameworks/Python.framework/Versions/3.9/lib/python3.9/site-packages/_pytest/runner.py:341: in from_call
    result: Optional[TResult] = func()
/Library/Frameworks/Python.framework/Versions/3.9/lib/python3.9/site-packages/_pytest/runner.py:372: in <lambda>
    call = CallInfo.from_call(lambda: list(collector.collect()), "collect")
/Library/Frameworks/Python.framework/Versions/3.9/lib/python3.9/site-packages/_pytest/python.py:531: in collect
    self._inject_setup_module_fixture()
/Library/Frameworks/Python.framework/Versions/3.9/lib/python3.9/site-packages/_pytest/python.py:545: in _inject_setup_module_fixture
    self.obj, ("setUpModule", "setup_module")
/Library/Frameworks/Python.framework/Versions/3.9/lib/python3.9/site-packages/_pytest/python.py:310: in obj
    self._obj = obj = self._getobj()
/Library/Frameworks/Python.framework/Versions/3.9/lib/python3.9/site-packages/_pytest/python.py:528: in _getobj
    return self._importtestmodule()
/Library/Frameworks/Python.framework/Versions/3.9/lib/python3.9/site-packages/_pytest/python.py:617: in _importtestmodule
    mod = import_path(self.path, mode=importmode, root=self.config.rootpath)
/Library/Frameworks/Python.framework/Versions/3.9/lib/python3.9/site-packages/_pytest/pathlib.py:567: in import_path
    importlib.import_module(module_name)
/Library/Frameworks/Python.framework/Versions/3.9/lib/python3.9/importlib/__init__.py:127: in import_module
    return _bootstrap._gcd_import(name[level:], package, level)
<frozen importlib._bootstrap>:1030: in _gcd_import
    ???
<frozen importlib._bootstrap>:1007: in _find_and_load
    ???
<frozen importlib._bootstrap>:986: in _find_and_load_unlocked
    ???
<frozen importlib._bootstrap>:680: in _load_unlocked
    ???
/Library/Frameworks/Python.framework/Versions/3.9/lib/python3.9/site-packages/_pytest/assertion/rewrite.py:186: in exec_module
    exec(co, module.__dict__)
demo/tests/test_graph_health_diagnostics_cli.py:22: in <module>
    import pipelines.query.graph_health_diagnostics as cli_module
pipelines/query/graph_health_diagnostics.py:46: in <module>
    from power_atlas.interfaces.cli.graph_health_diagnostics_support import (  # noqa: E402
src/power_atlas/interfaces/cli/graph_health_diagnostics_support.py:8: in <module>
    from power_atlas.orchestration.context_builder import build_request_context_from_config
src/power_atlas/orchestration/__init__.py:1: in <module>
    from power_atlas.orchestration.artifact_routing import (
src/power_atlas/orchestration/artifact_routing.py:6: in <module>
    from power_atlas.contracts import write_manifest, write_manifest_md
src/power_atlas/contracts/__init__.py:70: in <module>
    from power_atlas.contracts.resolution import (
src/power_atlas/contracts/resolution.py:83: in <module>
    DatasetIdSelector = Callable[[Any, str | None, str | None], str | None]
E   TypeError: unsupported operand type(s) for |: 'type' and 'NoneType'
____________ ERROR collecting demo/tests/test_interactive_debug.py _____________
/Library/Frameworks/Python.framework/Versions/3.9/lib/python3.9/site-packages/_pytest/runner.py:341: in from_call
    result: Optional[TResult] = func()
/Library/Frameworks/Python.framework/Versions/3.9/lib/python3.9/site-packages/_pytest/runner.py:372: in <lambda>
    call = CallInfo.from_call(lambda: list(collector.collect()), "collect")
/Library/Frameworks/Python.framework/Versions/3.9/lib/python3.9/site-packages/_pytest/python.py:531: in collect
    self._inject_setup_module_fixture()
/Library/Frameworks/Python.framework/Versions/3.9/lib/python3.9/site-packages/_pytest/python.py:545: in _inject_setup_module_fixture
    self.obj, ("setUpModule", "setup_module")
/Library/Frameworks/Python.framework/Versions/3.9/lib/python3.9/site-packages/_pytest/python.py:310: in obj
    self._obj = obj = self._getobj()
/Library/Frameworks/Python.framework/Versions/3.9/lib/python3.9/site-packages/_pytest/python.py:528: in _getobj
    return self._importtestmodule()
/Library/Frameworks/Python.framework/Versions/3.9/lib/python3.9/site-packages/_pytest/python.py:617: in _importtestmodule
    mod = import_path(self.path, mode=importmode, root=self.config.rootpath)
/Library/Frameworks/Python.framework/Versions/3.9/lib/python3.9/site-packages/_pytest/pathlib.py:567: in import_path
    importlib.import_module(module_name)
/Library/Frameworks/Python.framework/Versions/3.9/lib/python3.9/importlib/__init__.py:127: in import_module
    return _bootstrap._gcd_import(name[level:], package, level)
<frozen importlib._bootstrap>:1030: in _gcd_import
    ???
<frozen importlib._bootstrap>:1007: in _find_and_load
    ???
<frozen importlib._bootstrap>:986: in _find_and_load_unlocked
    ???
<frozen importlib._bootstrap>:680: in _load_unlocked
    ???
/Library/Frameworks/Python.framework/Versions/3.9/lib/python3.9/site-packages/_pytest/assertion/rewrite.py:186: in exec_module
    exec(co, module.__dict__)
demo/tests/test_interactive_debug.py:36: in <module>
    from demo.stages.retrieval_and_qa import (
demo/stages/retrieval_and_qa.py:18: in <module>
    from power_atlas.contracts import (
src/power_atlas/contracts/__init__.py:70: in <module>
    from power_atlas.contracts.resolution import (
src/power_atlas/contracts/resolution.py:83: in <module>
    DatasetIdSelector = Callable[[Any, str | None, str | None], str | None]
E   TypeError: unsupported operand type(s) for |: 'type' and 'NoneType'
___________ ERROR collecting demo/tests/test_narrative_extraction.py ___________
/Library/Frameworks/Python.framework/Versions/3.9/lib/python3.9/site-packages/_pytest/runner.py:341: in from_call
    result: Optional[TResult] = func()
/Library/Frameworks/Python.framework/Versions/3.9/lib/python3.9/site-packages/_pytest/runner.py:372: in <lambda>
    call = CallInfo.from_call(lambda: list(collector.collect()), "collect")
/Library/Frameworks/Python.framework/Versions/3.9/lib/python3.9/site-packages/_pytest/python.py:531: in collect
    self._inject_setup_module_fixture()
/Library/Frameworks/Python.framework/Versions/3.9/lib/python3.9/site-packages/_pytest/python.py:545: in _inject_setup_module_fixture
    self.obj, ("setUpModule", "setup_module")
/Library/Frameworks/Python.framework/Versions/3.9/lib/python3.9/site-packages/_pytest/python.py:310: in obj
    self._obj = obj = self._getobj()
/Library/Frameworks/Python.framework/Versions/3.9/lib/python3.9/site-packages/_pytest/python.py:528: in _getobj
    return self._importtestmodule()
/Library/Frameworks/Python.framework/Versions/3.9/lib/python3.9/site-packages/_pytest/python.py:617: in _importtestmodule
    mod = import_path(self.path, mode=importmode, root=self.config.rootpath)
/Library/Frameworks/Python.framework/Versions/3.9/lib/python3.9/site-packages/_pytest/pathlib.py:567: in import_path
    importlib.import_module(module_name)
/Library/Frameworks/Python.framework/Versions/3.9/lib/python3.9/importlib/__init__.py:127: in import_module
    return _bootstrap._gcd_import(name[level:], package, level)
<frozen importlib._bootstrap>:1030: in _gcd_import
    ???
<frozen importlib._bootstrap>:1007: in _find_and_load
    ???
<frozen importlib._bootstrap>:986: in _find_and_load_unlocked
    ???
<frozen importlib._bootstrap>:680: in _load_unlocked
    ???
/Library/Frameworks/Python.framework/Versions/3.9/lib/python3.9/site-packages/_pytest/assertion/rewrite.py:186: in exec_module
    exec(co, module.__dict__)
demo/tests/test_narrative_extraction.py:19: in <module>
    from power_atlas.narrative_extraction_cli import (  # noqa: E402
src/power_atlas/narrative_extraction_cli.py:9: in <module>
    from power_atlas.contracts import PROMPT_IDS, claim_extraction_lexical_config
src/power_atlas/contracts/__init__.py:70: in <module>
    from power_atlas.contracts.resolution import (
src/power_atlas/contracts/resolution.py:83: in <module>
    DatasetIdSelector = Callable[[Any, str | None, str | None], str | None]
E   TypeError: unsupported operand type(s) for |: 'type' and 'NoneType'
___________ ERROR collecting demo/tests/test_orchestrator_modules.py ___________
/Library/Frameworks/Python.framework/Versions/3.9/lib/python3.9/site-packages/_pytest/runner.py:341: in from_call
    result: Optional[TResult] = func()
/Library/Frameworks/Python.framework/Versions/3.9/lib/python3.9/site-packages/_pytest/runner.py:372: in <lambda>
    call = CallInfo.from_call(lambda: list(collector.collect()), "collect")
/Library/Frameworks/Python.framework/Versions/3.9/lib/python3.9/site-packages/_pytest/python.py:531: in collect
    self._inject_setup_module_fixture()
/Library/Frameworks/Python.framework/Versions/3.9/lib/python3.9/site-packages/_pytest/python.py:545: in _inject_setup_module_fixture
    self.obj, ("setUpModule", "setup_module")
/Library/Frameworks/Python.framework/Versions/3.9/lib/python3.9/site-packages/_pytest/python.py:310: in obj
    self._obj = obj = self._getobj()
/Library/Frameworks/Python.framework/Versions/3.9/lib/python3.9/site-packages/_pytest/python.py:528: in _getobj
    return self._importtestmodule()
/Library/Frameworks/Python.framework/Versions/3.9/lib/python3.9/site-packages/_pytest/python.py:617: in _importtestmodule
    mod = import_path(self.path, mode=importmode, root=self.config.rootpath)
/Library/Frameworks/Python.framework/Versions/3.9/lib/python3.9/site-packages/_pytest/pathlib.py:567: in import_path
    importlib.import_module(module_name)
/Library/Frameworks/Python.framework/Versions/3.9/lib/python3.9/importlib/__init__.py:127: in import_module
    return _bootstrap._gcd_import(name[level:], package, level)
<frozen importlib._bootstrap>:1030: in _gcd_import
    ???
<frozen importlib._bootstrap>:1007: in _find_and_load
    ???
<frozen importlib._bootstrap>:986: in _find_and_load_unlocked
    ???
<frozen importlib._bootstrap>:680: in _load_unlocked
    ???
/Library/Frameworks/Python.framework/Versions/3.9/lib/python3.9/site-packages/_pytest/assertion/rewrite.py:186: in exec_module
    exec(co, module.__dict__)
demo/tests/test_orchestrator_modules.py:20: in <module>
    from demo.stages.structured_ingest import lint_and_clean_structured_csvs
demo/stages/structured_ingest.py:7: in <module>
    from power_atlas.contracts import (
src/power_atlas/contracts/__init__.py:70: in <module>
    from power_atlas.contracts.resolution import (
src/power_atlas/contracts/resolution.py:83: in <module>
    DatasetIdSelector = Callable[[Any, str | None, str | None], str | None]
E   TypeError: unsupported operand type(s) for |: 'type' and 'NoneType'
____________ ERROR collecting demo/tests/test_pdf_ingest_helpers.py ____________
/Library/Frameworks/Python.framework/Versions/3.9/lib/python3.9/site-packages/_pytest/runner.py:341: in from_call
    result: Optional[TResult] = func()
/Library/Frameworks/Python.framework/Versions/3.9/lib/python3.9/site-packages/_pytest/runner.py:372: in <lambda>
    call = CallInfo.from_call(lambda: list(collector.collect()), "collect")
/Library/Frameworks/Python.framework/Versions/3.9/lib/python3.9/site-packages/_pytest/python.py:531: in collect
    self._inject_setup_module_fixture()
/Library/Frameworks/Python.framework/Versions/3.9/lib/python3.9/site-packages/_pytest/python.py:545: in _inject_setup_module_fixture
    self.obj, ("setUpModule", "setup_module")
/Library/Frameworks/Python.framework/Versions/3.9/lib/python3.9/site-packages/_pytest/python.py:310: in obj
    self._obj = obj = self._getobj()
/Library/Frameworks/Python.framework/Versions/3.9/lib/python3.9/site-packages/_pytest/python.py:528: in _getobj
    return self._importtestmodule()
/Library/Frameworks/Python.framework/Versions/3.9/lib/python3.9/site-packages/_pytest/python.py:617: in _importtestmodule
    mod = import_path(self.path, mode=importmode, root=self.config.rootpath)
/Library/Frameworks/Python.framework/Versions/3.9/lib/python3.9/site-packages/_pytest/pathlib.py:567: in import_path
    importlib.import_module(module_name)
/Library/Frameworks/Python.framework/Versions/3.9/lib/python3.9/importlib/__init__.py:127: in import_module
    return _bootstrap._gcd_import(name[level:], package, level)
<frozen importlib._bootstrap>:1030: in _gcd_import
    ???
<frozen importlib._bootstrap>:1007: in _find_and_load
    ???
<frozen importlib._bootstrap>:986: in _find_and_load_unlocked
    ???
<frozen importlib._bootstrap>:680: in _load_unlocked
    ???
/Library/Frameworks/Python.framework/Versions/3.9/lib/python3.9/site-packages/_pytest/assertion/rewrite.py:186: in exec_module
    exec(co, module.__dict__)
demo/tests/test_pdf_ingest_helpers.py:9: in <module>
    import demo.stages.pdf_ingest as pdf_ingest
demo/stages/pdf_ingest.py:16: in <module>
    from power_atlas.pdf_ingest_runner import (
src/power_atlas/pdf_ingest_runner.py:10: in <module>
    from power_atlas.contracts import DatasetRoot, PDF_PIPELINE_CONFIG_PATH, make_run_id, resolve_dataset_root
src/power_atlas/contracts/__init__.py:70: in <module>
    from power_atlas.contracts.resolution import (
src/power_atlas/contracts/resolution.py:83: in <module>
    DatasetIdSelector = Callable[[Any, str | None, str | None], str | None]
E   TypeError: unsupported operand type(s) for |: 'type' and 'NoneType'
____________ ERROR collecting demo/tests/test_pipeline_contract.py _____________
ImportError while importing test module '/Users/ash/Documents/repos/Zoomlytics/power-atlas/demo/tests/test_pipeline_contract.py'.
Hint: make sure your test modules/packages have valid Python names.
Traceback:
/Library/Frameworks/Python.framework/Versions/3.9/lib/python3.9/importlib/__init__.py:127: in import_module
    return _bootstrap._gcd_import(name[level:], package, level)
demo/tests/test_pipeline_contract.py:10: in <module>
    import power_atlas.contracts.pipeline as pipeline
E   ImportError: cannot import name 'contracts' from 'power_atlas' (/Users/ash/Documents/repos/Zoomlytics/power-atlas/src/power_atlas/__init__.py)
___________ ERROR collecting demo/tests/test_retrieval_benchmark.py ____________
/Library/Frameworks/Python.framework/Versions/3.9/lib/python3.9/site-packages/_pytest/runner.py:341: in from_call
    result: Optional[TResult] = func()
/Library/Frameworks/Python.framework/Versions/3.9/lib/python3.9/site-packages/_pytest/runner.py:372: in <lambda>
    call = CallInfo.from_call(lambda: list(collector.collect()), "collect")
/Library/Frameworks/Python.framework/Versions/3.9/lib/python3.9/site-packages/_pytest/python.py:531: in collect
    self._inject_setup_module_fixture()
/Library/Frameworks/Python.framework/Versions/3.9/lib/python3.9/site-packages/_pytest/python.py:545: in _inject_setup_module_fixture
    self.obj, ("setUpModule", "setup_module")
/Library/Frameworks/Python.framework/Versions/3.9/lib/python3.9/site-packages/_pytest/python.py:310: in obj
    self._obj = obj = self._getobj()
/Library/Frameworks/Python.framework/Versions/3.9/lib/python3.9/site-packages/_pytest/python.py:528: in _getobj
    return self._importtestmodule()
/Library/Frameworks/Python.framework/Versions/3.9/lib/python3.9/site-packages/_pytest/python.py:617: in _importtestmodule
    mod = import_path(self.path, mode=importmode, root=self.config.rootpath)
/Library/Frameworks/Python.framework/Versions/3.9/lib/python3.9/site-packages/_pytest/pathlib.py:567: in import_path
    importlib.import_module(module_name)
/Library/Frameworks/Python.framework/Versions/3.9/lib/python3.9/importlib/__init__.py:127: in import_module
    return _bootstrap._gcd_import(name[level:], package, level)
<frozen importlib._bootstrap>:1030: in _gcd_import
    ???
<frozen importlib._bootstrap>:1007: in _find_and_load
    ???
<frozen importlib._bootstrap>:986: in _find_and_load_unlocked
    ???
<frozen importlib._bootstrap>:680: in _load_unlocked
    ???
/Library/Frameworks/Python.framework/Versions/3.9/lib/python3.9/site-packages/_pytest/assertion/rewrite.py:186: in exec_module
    exec(co, module.__dict__)
demo/tests/test_retrieval_benchmark.py:52: in <module>
    from demo.stages.retrieval_benchmark import (
demo/stages/retrieval_benchmark.py:22: in <module>
    from power_atlas.retrieval_benchmark_runner import (
src/power_atlas/retrieval_benchmark_runner.py:10: in <module>
    from power_atlas.backend_run_catalog import resolve_run_root, resolve_runs_root
src/power_atlas/backend_run_catalog.py:8: in <module>
    from power_atlas.backend_dataset_catalog import resolve_backend_dataset_catalog
src/power_atlas/backend_dataset_catalog.py:6: in <module>
    from power_atlas.contracts import DatasetRoot, list_available_datasets, resolve_dataset_root
src/power_atlas/contracts/__init__.py:70: in <module>
    from power_atlas.contracts.resolution import (
src/power_atlas/contracts/resolution.py:83: in <module>
    DatasetIdSelector = Callable[[Any, str | None, str | None], str | None]
E   TypeError: unsupported operand type(s) for |: 'type' and 'NoneType'
_________ ERROR collecting demo/tests/test_retrieval_benchmark_cli.py __________
/Library/Frameworks/Python.framework/Versions/3.9/lib/python3.9/site-packages/_pytest/runner.py:341: in from_call
    result: Optional[TResult] = func()
/Library/Frameworks/Python.framework/Versions/3.9/lib/python3.9/site-packages/_pytest/runner.py:372: in <lambda>
    call = CallInfo.from_call(lambda: list(collector.collect()), "collect")
/Library/Frameworks/Python.framework/Versions/3.9/lib/python3.9/site-packages/_pytest/python.py:531: in collect
    self._inject_setup_module_fixture()
/Library/Frameworks/Python.framework/Versions/3.9/lib/python3.9/site-packages/_pytest/python.py:545: in _inject_setup_module_fixture
    self.obj, ("setUpModule", "setup_module")
/Library/Frameworks/Python.framework/Versions/3.9/lib/python3.9/site-packages/_pytest/python.py:310: in obj
    self._obj = obj = self._getobj()
/Library/Frameworks/Python.framework/Versions/3.9/lib/python3.9/site-packages/_pytest/python.py:528: in _getobj
    return self._importtestmodule()
/Library/Frameworks/Python.framework/Versions/3.9/lib/python3.9/site-packages/_pytest/python.py:617: in _importtestmodule
    mod = import_path(self.path, mode=importmode, root=self.config.rootpath)
/Library/Frameworks/Python.framework/Versions/3.9/lib/python3.9/site-packages/_pytest/pathlib.py:567: in import_path
    importlib.import_module(module_name)
/Library/Frameworks/Python.framework/Versions/3.9/lib/python3.9/importlib/__init__.py:127: in import_module
    return _bootstrap._gcd_import(name[level:], package, level)
<frozen importlib._bootstrap>:1030: in _gcd_import
    ???
<frozen importlib._bootstrap>:1007: in _find_and_load
    ???
<frozen importlib._bootstrap>:986: in _find_and_load_unlocked
    ???
<frozen importlib._bootstrap>:680: in _load_unlocked
    ???
/Library/Frameworks/Python.framework/Versions/3.9/lib/python3.9/site-packages/_pytest/assertion/rewrite.py:186: in exec_module
    exec(co, module.__dict__)
demo/tests/test_retrieval_benchmark_cli.py:22: in <module>
    import pipelines.query.retrieval_benchmark as cli_module
pipelines/query/retrieval_benchmark.py:86: in <module>
    from power_atlas.interfaces.cli.retrieval_benchmark_support import (  # noqa: E402
src/power_atlas/interfaces/cli/retrieval_benchmark_support.py:8: in <module>
    from power_atlas.orchestration.context_builder import (
src/power_atlas/orchestration/__init__.py:1: in <module>
    from power_atlas.orchestration.artifact_routing import (
src/power_atlas/orchestration/artifact_routing.py:6: in <module>
    from power_atlas.contracts import write_manifest, write_manifest_md
src/power_atlas/contracts/__init__.py:70: in <module>
    from power_atlas.contracts.resolution import (
src/power_atlas/contracts/resolution.py:83: in <module>
    DatasetIdSelector = Callable[[Any, str | None, str | None], str | None]
E   TypeError: unsupported operand type(s) for |: 'type' and 'NoneType'
___ ERROR collecting demo/tests/test_retrieval_metadata_projection_parity.py ___
/Library/Frameworks/Python.framework/Versions/3.9/lib/python3.9/site-packages/_pytest/runner.py:341: in from_call
    result: Optional[TResult] = func()
/Library/Frameworks/Python.framework/Versions/3.9/lib/python3.9/site-packages/_pytest/runner.py:372: in <lambda>
    call = CallInfo.from_call(lambda: list(collector.collect()), "collect")
/Library/Frameworks/Python.framework/Versions/3.9/lib/python3.9/site-packages/_pytest/python.py:531: in collect
    self._inject_setup_module_fixture()
/Library/Frameworks/Python.framework/Versions/3.9/lib/python3.9/site-packages/_pytest/python.py:545: in _inject_setup_module_fixture
    self.obj, ("setUpModule", "setup_module")
/Library/Frameworks/Python.framework/Versions/3.9/lib/python3.9/site-packages/_pytest/python.py:310: in obj
    self._obj = obj = self._getobj()
/Library/Frameworks/Python.framework/Versions/3.9/lib/python3.9/site-packages/_pytest/python.py:528: in _getobj
    return self._importtestmodule()
/Library/Frameworks/Python.framework/Versions/3.9/lib/python3.9/site-packages/_pytest/python.py:617: in _importtestmodule
    mod = import_path(self.path, mode=importmode, root=self.config.rootpath)
/Library/Frameworks/Python.framework/Versions/3.9/lib/python3.9/site-packages/_pytest/pathlib.py:567: in import_path
    importlib.import_module(module_name)
/Library/Frameworks/Python.framework/Versions/3.9/lib/python3.9/importlib/__init__.py:127: in import_module
    return _bootstrap._gcd_import(name[level:], package, level)
<frozen importlib._bootstrap>:1030: in _gcd_import
    ???
<frozen importlib._bootstrap>:1007: in _find_and_load
    ???
<frozen importlib._bootstrap>:986: in _find_and_load_unlocked
    ???
<frozen importlib._bootstrap>:680: in _load_unlocked
    ???
/Library/Frameworks/Python.framework/Versions/3.9/lib/python3.9/site-packages/_pytest/assertion/rewrite.py:186: in exec_module
    exec(co, module.__dict__)
demo/tests/test_retrieval_metadata_projection_parity.py:78: in <module>
    from power_atlas.contracts import RETRIEVAL_METADATA_SURFACE_POLICY, FieldSurfacePolicy
src/power_atlas/contracts/__init__.py:70: in <module>
    from power_atlas.contracts.resolution import (
src/power_atlas/contracts/resolution.py:83: in <module>
    DatasetIdSelector = Callable[[Any, str | None, str | None], str | None]
E   TypeError: unsupported operand type(s) for |: 'type' and 'NoneType'
_____________ ERROR collecting demo/tests/test_retrieval_parity.py _____________
/Library/Frameworks/Python.framework/Versions/3.9/lib/python3.9/site-packages/_pytest/runner.py:341: in from_call
    result: Optional[TResult] = func()
/Library/Frameworks/Python.framework/Versions/3.9/lib/python3.9/site-packages/_pytest/runner.py:372: in <lambda>
    call = CallInfo.from_call(lambda: list(collector.collect()), "collect")
/Library/Frameworks/Python.framework/Versions/3.9/lib/python3.9/site-packages/_pytest/python.py:531: in collect
    self._inject_setup_module_fixture()
/Library/Frameworks/Python.framework/Versions/3.9/lib/python3.9/site-packages/_pytest/python.py:545: in _inject_setup_module_fixture
    self.obj, ("setUpModule", "setup_module")
/Library/Frameworks/Python.framework/Versions/3.9/lib/python3.9/site-packages/_pytest/python.py:310: in obj
    self._obj = obj = self._getobj()
/Library/Frameworks/Python.framework/Versions/3.9/lib/python3.9/site-packages/_pytest/python.py:528: in _getobj
    return self._importtestmodule()
/Library/Frameworks/Python.framework/Versions/3.9/lib/python3.9/site-packages/_pytest/python.py:617: in _importtestmodule
    mod = import_path(self.path, mode=importmode, root=self.config.rootpath)
/Library/Frameworks/Python.framework/Versions/3.9/lib/python3.9/site-packages/_pytest/pathlib.py:567: in import_path
    importlib.import_module(module_name)
/Library/Frameworks/Python.framework/Versions/3.9/lib/python3.9/importlib/__init__.py:127: in import_module
    return _bootstrap._gcd_import(name[level:], package, level)
<frozen importlib._bootstrap>:1030: in _gcd_import
    ???
<frozen importlib._bootstrap>:1007: in _find_and_load
    ???
<frozen importlib._bootstrap>:986: in _find_and_load_unlocked
    ???
<frozen importlib._bootstrap>:680: in _load_unlocked
    ???
/Library/Frameworks/Python.framework/Versions/3.9/lib/python3.9/site-packages/_pytest/assertion/rewrite.py:186: in exec_module
    exec(co, module.__dict__)
demo/tests/test_retrieval_parity.py:40: in <module>
    from power_atlas.contracts import Config as _RuntimeConfig
src/power_atlas/contracts/__init__.py:70: in <module>
    from power_atlas.contracts.resolution import (
src/power_atlas/contracts/resolution.py:83: in <module>
    DatasetIdSelector = Callable[[Any, str | None, str | None], str | None]
E   TypeError: unsupported operand type(s) for |: 'type' and 'NoneType'
________ ERROR collecting demo/tests/test_retrieval_path_diagnostics.py ________
/Library/Frameworks/Python.framework/Versions/3.9/lib/python3.9/site-packages/_pytest/runner.py:341: in from_call
    result: Optional[TResult] = func()
/Library/Frameworks/Python.framework/Versions/3.9/lib/python3.9/site-packages/_pytest/runner.py:372: in <lambda>
    call = CallInfo.from_call(lambda: list(collector.collect()), "collect")
/Library/Frameworks/Python.framework/Versions/3.9/lib/python3.9/site-packages/_pytest/python.py:531: in collect
    self._inject_setup_module_fixture()
/Library/Frameworks/Python.framework/Versions/3.9/lib/python3.9/site-packages/_pytest/python.py:545: in _inject_setup_module_fixture
    self.obj, ("setUpModule", "setup_module")
/Library/Frameworks/Python.framework/Versions/3.9/lib/python3.9/site-packages/_pytest/python.py:310: in obj
    self._obj = obj = self._getobj()
/Library/Frameworks/Python.framework/Versions/3.9/lib/python3.9/site-packages/_pytest/python.py:528: in _getobj
    return self._importtestmodule()
/Library/Frameworks/Python.framework/Versions/3.9/lib/python3.9/site-packages/_pytest/python.py:617: in _importtestmodule
    mod = import_path(self.path, mode=importmode, root=self.config.rootpath)
/Library/Frameworks/Python.framework/Versions/3.9/lib/python3.9/site-packages/_pytest/pathlib.py:567: in import_path
    importlib.import_module(module_name)
/Library/Frameworks/Python.framework/Versions/3.9/lib/python3.9/importlib/__init__.py:127: in import_module
    return _bootstrap._gcd_import(name[level:], package, level)
<frozen importlib._bootstrap>:1030: in _gcd_import
    ???
<frozen importlib._bootstrap>:1007: in _find_and_load
    ???
<frozen importlib._bootstrap>:986: in _find_and_load_unlocked
    ???
<frozen importlib._bootstrap>:680: in _load_unlocked
    ???
/Library/Frameworks/Python.framework/Versions/3.9/lib/python3.9/site-packages/_pytest/assertion/rewrite.py:186: in exec_module
    exec(co, module.__dict__)
demo/tests/test_retrieval_path_diagnostics.py:22: in <module>
    from power_atlas.contracts import Config as _RuntimeConfig
src/power_atlas/contracts/__init__.py:70: in <module>
    from power_atlas.contracts.resolution import (
src/power_atlas/contracts/resolution.py:83: in <module>
    DatasetIdSelector = Callable[[Any, str | None, str | None], str | None]
E   TypeError: unsupported operand type(s) for |: 'type' and 'NoneType'
_________ ERROR collecting demo/tests/test_retrieval_query_builders.py _________
/Library/Frameworks/Python.framework/Versions/3.9/lib/python3.9/site-packages/_pytest/runner.py:341: in from_call
    result: Optional[TResult] = func()
/Library/Frameworks/Python.framework/Versions/3.9/lib/python3.9/site-packages/_pytest/runner.py:372: in <lambda>
    call = CallInfo.from_call(lambda: list(collector.collect()), "collect")
/Library/Frameworks/Python.framework/Versions/3.9/lib/python3.9/site-packages/_pytest/python.py:531: in collect
    self._inject_setup_module_fixture()
/Library/Frameworks/Python.framework/Versions/3.9/lib/python3.9/site-packages/_pytest/python.py:545: in _inject_setup_module_fixture
    self.obj, ("setUpModule", "setup_module")
/Library/Frameworks/Python.framework/Versions/3.9/lib/python3.9/site-packages/_pytest/python.py:310: in obj
    self._obj = obj = self._getobj()
/Library/Frameworks/Python.framework/Versions/3.9/lib/python3.9/site-packages/_pytest/python.py:528: in _getobj
    return self._importtestmodule()
/Library/Frameworks/Python.framework/Versions/3.9/lib/python3.9/site-packages/_pytest/python.py:617: in _importtestmodule
    mod = import_path(self.path, mode=importmode, root=self.config.rootpath)
/Library/Frameworks/Python.framework/Versions/3.9/lib/python3.9/site-packages/_pytest/pathlib.py:567: in import_path
    importlib.import_module(module_name)
/Library/Frameworks/Python.framework/Versions/3.9/lib/python3.9/importlib/__init__.py:127: in import_module
    return _bootstrap._gcd_import(name[level:], package, level)
<frozen importlib._bootstrap>:1030: in _gcd_import
    ???
<frozen importlib._bootstrap>:1007: in _find_and_load
    ???
<frozen importlib._bootstrap>:986: in _find_and_load_unlocked
    ???
<frozen importlib._bootstrap>:680: in _load_unlocked
    ???
/Library/Frameworks/Python.framework/Versions/3.9/lib/python3.9/site-packages/_pytest/assertion/rewrite.py:186: in exec_module
    exec(co, module.__dict__)
demo/tests/test_retrieval_query_builders.py:21: in <module>
    from demo.stages.retrieval_and_qa import (
demo/stages/retrieval_and_qa.py:18: in <module>
    from power_atlas.contracts import (
src/power_atlas/contracts/__init__.py:70: in <module>
    from power_atlas.contracts.resolution import (
src/power_atlas/contracts/resolution.py:83: in <module>
    DatasetIdSelector = Callable[[Any, str | None, str | None], str | None]
E   TypeError: unsupported operand type(s) for |: 'type' and 'NoneType'
________ ERROR collecting demo/tests/test_retrieval_result_contract.py _________
/Library/Frameworks/Python.framework/Versions/3.9/lib/python3.9/site-packages/_pytest/runner.py:341: in from_call
    result: Optional[TResult] = func()
/Library/Frameworks/Python.framework/Versions/3.9/lib/python3.9/site-packages/_pytest/runner.py:372: in <lambda>
    call = CallInfo.from_call(lambda: list(collector.collect()), "collect")
/Library/Frameworks/Python.framework/Versions/3.9/lib/python3.9/site-packages/_pytest/python.py:531: in collect
    self._inject_setup_module_fixture()
/Library/Frameworks/Python.framework/Versions/3.9/lib/python3.9/site-packages/_pytest/python.py:545: in _inject_setup_module_fixture
    self.obj, ("setUpModule", "setup_module")
/Library/Frameworks/Python.framework/Versions/3.9/lib/python3.9/site-packages/_pytest/python.py:310: in obj
    self._obj = obj = self._getobj()
/Library/Frameworks/Python.framework/Versions/3.9/lib/python3.9/site-packages/_pytest/python.py:528: in _getobj
    return self._importtestmodule()
/Library/Frameworks/Python.framework/Versions/3.9/lib/python3.9/site-packages/_pytest/python.py:617: in _importtestmodule
    mod = import_path(self.path, mode=importmode, root=self.config.rootpath)
/Library/Frameworks/Python.framework/Versions/3.9/lib/python3.9/site-packages/_pytest/pathlib.py:567: in import_path
    importlib.import_module(module_name)
/Library/Frameworks/Python.framework/Versions/3.9/lib/python3.9/importlib/__init__.py:127: in import_module
    return _bootstrap._gcd_import(name[level:], package, level)
<frozen importlib._bootstrap>:1030: in _gcd_import
    ???
<frozen importlib._bootstrap>:1007: in _find_and_load
    ???
<frozen importlib._bootstrap>:986: in _find_and_load_unlocked
    ???
<frozen importlib._bootstrap>:680: in _load_unlocked
    ???
/Library/Frameworks/Python.framework/Versions/3.9/lib/python3.9/site-packages/_pytest/assertion/rewrite.py:186: in exec_module
    exec(co, module.__dict__)
demo/tests/test_retrieval_result_contract.py:219: in <module>
    from power_atlas.contracts import RETRIEVAL_METADATA_SURFACE_POLICY
src/power_atlas/contracts/__init__.py:70: in <module>
    from power_atlas.contracts.resolution import (
src/power_atlas/contracts/resolution.py:83: in <module>
    DatasetIdSelector = Callable[[Any, str | None, str | None], str | None]
E   TypeError: unsupported operand type(s) for |: 'type' and 'NoneType'
=========================== short test summary info ============================
ERROR tests/test_backend_api_consumer.py - TypeError: unsupported operand typ...
ERROR tests/test_backend_dataset_catalog.py - TypeError: unsupported operand ...
ERROR tests/test_backend_graph_query_service.py - TypeError: dataclass() got ...
ERROR tests/test_backend_graph_response_adapters.py - TypeError: dataclass() ...
ERROR tests/test_backend_graph_router.py - TypeError: unsupported operand typ...
ERROR tests/test_backend_main.py - TypeError: unsupported operand type(s) for...
ERROR tests/test_backend_run_catalog.py - TypeError: unsupported operand type...
ERROR demo/tests/test_claim_participation.py - TypeError: unsupported operand...
ERROR demo/tests/test_claim_participation_integration.py - TypeError: unsuppo...
ERROR demo/tests/test_demo_workflow.py - TypeError: unsupported operand type(...
ERROR demo/tests/test_doc_contract_drift.py - TypeError: unsupported operand ...
ERROR demo/tests/test_entity_resolution.py - TypeError: unsupported operand t...
ERROR demo/tests/test_graph_health.py - TypeError: unsupported operand type(s...
ERROR demo/tests/test_graph_health_diagnostics_cli.py - TypeError: unsupporte...
ERROR demo/tests/test_interactive_debug.py - TypeError: unsupported operand t...
ERROR demo/tests/test_narrative_extraction.py - TypeError: unsupported operan...
ERROR demo/tests/test_orchestrator_modules.py - TypeError: unsupported operan...
ERROR demo/tests/test_pdf_ingest_helpers.py - TypeError: unsupported operand ...
ERROR demo/tests/test_pipeline_contract.py
ERROR demo/tests/test_retrieval_benchmark.py - TypeError: unsupported operand...
ERROR demo/tests/test_retrieval_benchmark_cli.py - TypeError: unsupported ope...
ERROR demo/tests/test_retrieval_metadata_projection_parity.py - TypeError: un...
ERROR demo/tests/test_retrieval_parity.py - TypeError: unsupported operand ty...
ERROR demo/tests/test_retrieval_path_diagnostics.py - TypeError: unsupported ...
ERROR demo/tests/test_retrieval_query_builders.py - TypeError: unsupported op...
ERROR demo/tests/test_retrieval_result_contract.py - TypeError: unsupported o...
!!!!!!!!!!!!!!!!!!! Interrupted: 26 errors during collection !!!!!!!!!!!!!!!!!!!
============================== 26 errors in 7.44s ==============================
